[2025-10-16 13:14:44] Welcome!
[2025-10-16 13:14:44] Logger started, logging into `/Users/eventre/Documents/GitHub/CardaSC/pypath_log/pypath-3b8l4.log`.
[2025-10-16 13:14:44] Session `3b8l4` started.
[2025-10-16 13:14:44] Config has been read from the following files:
[2025-10-16 13:14:44]   - /opt/homebrew/Caskroom/miniconda/base/envs/cardamom/lib/python3.12/site-packages/pypath_common/data/settings.yaml
[2025-10-16 13:14:44] [pypath] 
	- session ID: `3b8l4`
	- working directory: `/Users/eventre/Documents/GitHub/CardaSC`
	- logfile: `/Users/eventre/Documents/GitHub/CardaSC/pypath_log/pypath-3b8l4.log`
	- config: 
		- /opt/homebrew/Caskroom/miniconda/base/envs/cardamom/lib/python3.12/site-packages/pypath_common/data/settings.yaml
	- pypath version: 0.16.20
	- imported from: `/opt/homebrew/Caskroom/miniconda/base/envs/cardamom/lib/python3.12/site-packages/pypath`
	- Python version: 3.12.2 | packaged by conda-forge | (main, Feb 16 2024, 20:54:21) [Clang 16.0.6 ]
	- Platform: macOS-15.7-arm64-arm-64bit
[2025-10-16 13:14:45] [pypath] pypath
[2025-10-16 13:14:45] [curl] Creating Curl object to retrieve data from `https://www.ebi.ac.uk/unichem/api/v1/sources/`
[2025-10-16 13:14:45] [curl] Cache file path: `/Users/eventre/Library/Caches/pypath/b2a060ead30932cabb4a6e993539989e-`
[2025-10-16 13:14:45] [curl] Cache file found, no need for download.
[2025-10-16 13:14:45] [curl] Loading data from cache previously downloaded from `www.ebi.ac.uk`
[2025-10-16 13:14:45] [curl] Opening file `/Users/eventre/Library/Caches/pypath/b2a060ead30932cabb4a6e993539989e-`
[2025-10-16 13:14:45] [curl] Extracting data from file type `plain`
[2025-10-16 13:14:45] [curl] Opening plain text file `/Users/eventre/Library/Caches/pypath/b2a060ead30932cabb4a6e993539989e-`.
[2025-10-16 13:14:45] [curl] Contents of `/Users/eventre/Library/Caches/pypath/b2a060ead30932cabb4a6e993539989e-` has been read and the file has been closed.
[2025-10-16 13:14:45] [curl] File at `https://www.ebi.ac.uk/unichem/api/v1/sources/` successfully retrieved. Resulted file type `plain text, unicode string`. Local file at
                      `/Users/eventre/Library/Caches/pypath/b2a060ead30932cabb4a6e993539989e-`.
