[2025-10-14 20:41:53] Welcome!
[2025-10-14 20:41:53] Logger started, logging into `/Users/eventre/Documents/GitHub/CardaSC/pypath_log/pypath-pf7ou.log`.
[2025-10-14 20:41:53] Session `pf7ou` started.
[2025-10-14 20:41:53] Config has been read from the following files:
[2025-10-14 20:41:53]   - /opt/homebrew/Caskroom/miniconda/base/envs/cardamom/lib/python3.12/site-packages/pypath_common/data/settings.yaml
[2025-10-14 20:41:54] [pypath] 
	- session ID: `pf7ou`
	- working directory: `/Users/eventre/Documents/GitHub/CardaSC`
	- logfile: `/Users/eventre/Documents/GitHub/CardaSC/pypath_log/pypath-pf7ou.log`
	- config: 
		- /opt/homebrew/Caskroom/miniconda/base/envs/cardamom/lib/python3.12/site-packages/pypath_common/data/settings.yaml
	- pypath version: 0.16.20
	- imported from: `/opt/homebrew/Caskroom/miniconda/base/envs/cardamom/lib/python3.12/site-packages/pypath`
	- Python version: 3.12.2 | packaged by conda-forge | (main, Feb 16 2024, 20:54:21) [Clang 16.0.6 ]
	- Platform: macOS-15.7-arm64-arm-64bit
[2025-10-14 20:41:54] [pypath] pypath
[2025-10-14 20:41:55] [curl] Creating Curl object to retrieve data from `https://www.ebi.ac.uk/unichem/api/v1/sources/`
[2025-10-14 20:41:55] [curl] Cache file path: `/Users/eventre/Library/Caches/pypath/b2a060ead30932cabb4a6e993539989e-`
[2025-10-14 20:41:55] [curl] Cache file found, no need for download.
[2025-10-14 20:41:55] [curl] Loading data from cache previously downloaded from `www.ebi.ac.uk`
[2025-10-14 20:41:55] [curl] Opening file `/Users/eventre/Library/Caches/pypath/b2a060ead30932cabb4a6e993539989e-`
[2025-10-14 20:41:55] [curl] Extracting data from file type `plain`
[2025-10-14 20:41:55] [curl] Opening plain text file `/Users/eventre/Library/Caches/pypath/b2a060ead30932cabb4a6e993539989e-`.
[2025-10-14 20:41:55] [curl] Contents of `/Users/eventre/Library/Caches/pypath/b2a060ead30932cabb4a6e993539989e-` has been read and the file has been closed.
[2025-10-14 20:41:55] [curl] File at `https://www.ebi.ac.uk/unichem/api/v1/sources/` successfully retrieved. Resulted file type `plain text, unicode string`. Local file at
                      `/Users/eventre/Library/Caches/pypath/b2a060ead30932cabb4a6e993539989e-`.
[2025-10-14 20:41:55] [curl] Creating Curl object to retrieve data from `https://www.ensembl.org/info/about/species.html`
[2025-10-14 20:41:55] [curl] Cache file path: `/Users/eventre/Library/Caches/pypath/535b06d53a59e75bb693369bc5fdc556-species.html`
[2025-10-14 20:41:55] [curl] Cache file found, no need for download.
[2025-10-14 20:41:55] [curl] Opening plain text file `/Users/eventre/Library/Caches/pypath/535b06d53a59e75bb693369bc5fdc556-species.html`.
[2025-10-14 20:41:55] [curl] Contents of `/Users/eventre/Library/Caches/pypath/535b06d53a59e75bb693369bc5fdc556-species.html` has been read and the file has been closed.
[2025-10-14 20:41:56] [curl] Creating Curl object to retrieve data from `https://www.ensembl.org/info/about/species.html`
[2025-10-14 20:41:56] [curl] Cache file path: `/Users/eventre/Library/Caches/pypath/535b06d53a59e75bb693369bc5fdc556-species.html`
[2025-10-14 20:41:56] [curl] Cache file found, no need for download.
[2025-10-14 20:41:56] [curl] Opening plain text file `/Users/eventre/Library/Caches/pypath/535b06d53a59e75bb693369bc5fdc556-species.html`.
[2025-10-14 20:41:56] [curl] Contents of `/Users/eventre/Library/Caches/pypath/535b06d53a59e75bb693369bc5fdc556-species.html` has been read and the file has been closed.
[2025-10-14 20:41:56] [curl] Creating Curl object to retrieve data from `https://www.ensembl.org/info/about/species.html`
[2025-10-14 20:41:56] [curl] Cache file path: `/Users/eventre/Library/Caches/pypath/535b06d53a59e75bb693369bc5fdc556-species.html`
[2025-10-14 20:41:56] [curl] Cache file found, no need for download.
[2025-10-14 20:41:56] [curl] Opening plain text file `/Users/eventre/Library/Caches/pypath/535b06d53a59e75bb693369bc5fdc556-species.html`.
[2025-10-14 20:41:56] [curl] Contents of `/Users/eventre/Library/Caches/pypath/535b06d53a59e75bb693369bc5fdc556-species.html` has been read and the file has been closed.
[2025-10-14 20:41:58] [pypath] pypath
[2025-10-14 20:41:59] [curl] Creating Curl object to retrieve data from `https://www.ebi.ac.uk/unichem/api/v1/sources/`
[2025-10-14 20:41:59] [curl] Cache file path: `/Users/eventre/Library/Caches/pypath/b2a060ead30932cabb4a6e993539989e-`
[2025-10-14 20:41:59] [curl] Cache file found, no need for download.
[2025-10-14 20:41:59] [curl] Loading data from cache previously downloaded from `www.ebi.ac.uk`
[2025-10-14 20:41:59] [curl] Opening file `/Users/eventre/Library/Caches/pypath/b2a060ead30932cabb4a6e993539989e-`
[2025-10-14 20:41:59] [curl] Extracting data from file type `plain`
[2025-10-14 20:41:59] [curl] Opening plain text file `/Users/eventre/Library/Caches/pypath/b2a060ead30932cabb4a6e993539989e-`.
[2025-10-14 20:41:59] [curl] Contents of `/Users/eventre/Library/Caches/pypath/b2a060ead30932cabb4a6e993539989e-` has been read and the file has been closed.
[2025-10-14 20:41:59] [curl] File at `https://www.ebi.ac.uk/unichem/api/v1/sources/` successfully retrieved. Resulted file type `plain text, unicode string`. Local file at
                      `/Users/eventre/Library/Caches/pypath/b2a060ead30932cabb4a6e993539989e-`.
[2025-10-14 20:41:59] [ramp] Loading RaMP the list of ID types from `https://rampdb.nih.gov/api/id-types`.
[2025-10-14 20:41:59] [curl] Creating Curl object to retrieve data from `https://rampdb.nih.gov/api/id-types`
[2025-10-14 20:41:59] [curl] Cache file path: `/Users/eventre/Library/Caches/pypath/c058901753f61743bf55db935731cff1-id-types`
[2025-10-14 20:41:59] [curl] Cache file found, no need for download.
[2025-10-14 20:41:59] [curl] Opening plain text file `/Users/eventre/Library/Caches/pypath/c058901753f61743bf55db935731cff1-id-types`.
[2025-10-14 20:41:59] [curl] Contents of `/Users/eventre/Library/Caches/pypath/c058901753f61743bf55db935731cff1-id-types` has been read and the file has been closed.
